<?xml version="1.0" encoding="UTF-8"?>
<!-- Generated by org.testng.reporters.JUnitReportReporter -->
<testsuite hostname="BDC3-DX-47V8N62" name="Test3.NewTest3" tests="1" failures="0" timestamp="8 Apr 2019 10:49:41 GMT" time="32.464" errors="0">
  <testcase name="f" time="32.464" classname="Test3.NewTest3"/>
</testsuite> <!-- Test3.NewTest3 -->
