<?xml version="1.0" encoding="UTF-8"?>
<!-- Generated by org.testng.reporters.JUnitReportReporter -->
<testsuite hostname="BDC3-DX-47V8N62" name="Jason.ReadJSONTest" tests="1" failures="0" timestamp="9 Apr 2019 07:46:58 GMT" time="0.434" errors="0">
  <testcase name="testJSON" time="0.434" classname="Jason.ReadJSONTest"/>
</testsuite> <!-- Jason.ReadJSONTest -->
