<?xml version="1.0" encoding="UTF-8"?>
<!-- Generated by org.testng.reporters.JUnitReportReporter -->
<testsuite hostname="BDC3-DX-47V8N62" name="Test1.NewTest" tests="1" failures="0" timestamp="8 Apr 2019 09:30:29 GMT" time="94.476" errors="0">
  <testcase name="Test1" time="94.476" classname="Test1.NewTest"/>
</testsuite> <!-- Test1.NewTest -->
