<?xml version="1.0" encoding="UTF-8"?>
<!-- Generated by org.testng.reporters.JUnitReportReporter -->
<testsuite hostname="BDC3-DX-47V8N62" name="Test2.NewTest2" tests="1" failures="0" timestamp="8 Apr 2019 10:09:14 GMT" time="32.229" errors="0">
  <testcase name="testDragandDrop" time="32.229" classname="Test2.NewTest2"/>
</testsuite> <!-- Test2.NewTest2 -->
