<?xml version="1.0" encoding="UTF-8"?>
<!-- Generated by org.testng.reporters.JUnitReportReporter -->
<testsuite hostname="BDC3-DX-47V8N62" name="Test5.NewTest" tests="1" failures="0" timestamp="9 Apr 2019 04:58:58 GMT" time="3.346" errors="0">
  <testcase name="testExtractDataExcel" time="3.346" classname="Test5.NewTest"/>
</testsuite> <!-- Test5.NewTest -->
