<?xml version="1.0" encoding="UTF-8"?>
<!-- Generated by org.testng.reporters.JUnitReportReporter -->
<testsuite hostname="BDC3-DX-47V8N62" name="Test4.NewTest" tests="1" failures="0" timestamp="9 Apr 2019 03:52:01 GMT" time="33.512" errors="0">
  <testcase name="testdropdown" time="33.512" classname="Test4.NewTest"/>
</testsuite> <!-- Test4.NewTest -->
